2025-08-11T15:17:08: 🚀 Starting HTTP PeerJS Server...
2025-08-11T15:17:08: 🔒 SSL certificates found, starting HTTPS PeerJS Server...
2025-08-11T15:17:08: ✅ HTTPS PeerJS Server enabled
2025-08-11T15:17:08: 
📡 PeerJS Servers Status:
2025-08-11T15:17:08: ═══════════════════════════════
2025-08-11T15:17:08: 
📄 HTTP PeerJS Server (for backward compatibility):
2025-08-11T15:17:08:    Port: 9000
2025-08-11T15:17:08:    Protocol: HTTP
2025-08-11T15:17:08:    🔗 http://213.210.21.140:9000/peerjs
2025-08-11T15:17:08:    🔗 http://172.18.0.1:9000/peerjs
2025-08-11T15:17:08: 
🔒 HTTPS PeerJS Server (for HTTPS websites):
2025-08-11T15:17:08:    Port: 9443
2025-08-11T15:17:08:    Protocol: HTTPS
2025-08-11T15:17:08:    🔗 https://213.210.21.140:9443/peerjs
2025-08-11T15:17:08:    🔗 https://172.18.0.1:9443/peerjs
2025-08-11T15:17:08: 
🌐 Client Configuration:
2025-08-11T15:17:08: ════════════════════════════
2025-08-11T15:17:08: For HTTPS websites (https://cbt-new.drshieldapp.com):
2025-08-11T15:17:08:    ✅ Will use: https://213.210.21.140:9443/peerjs
2025-08-11T15:17:08: 
For HTTP websites:
2025-08-11T15:17:08:    ✅ Will use: http://213.210.21.140:9000/peerjs
2025-08-11T15:17:08: 
🔍 Health Check URLs:
2025-08-11T15:17:08: ═══════════════════════
2025-08-11T15:17:08: HTTP:  http://213.210.21.140:9000/peerjs
2025-08-11T15:17:08: HTTPS: https://213.210.21.140:9443/peerjs
2025-08-11T15:17:08: 🚀 Starting HTTP PeerJS Server...
2025-08-11T15:17:08: 🔒 SSL certificates found, starting HTTPS PeerJS Server...
2025-08-11T15:17:09: ✅ HTTPS PeerJS Server enabled
2025-08-11T15:17:09: 
📡 PeerJS Servers Status:
2025-08-11T15:17:09: ═══════════════════════════════
2025-08-11T15:17:09: 
📄 HTTP PeerJS Server (for backward compatibility):
2025-08-11T15:17:09:    Port: 9000
2025-08-11T15:17:09:    Protocol: HTTP
2025-08-11T15:17:09:    🔗 http://213.210.21.140:9000/peerjs
2025-08-11T15:17:09:    🔗 http://172.18.0.1:9000/peerjs
2025-08-11T15:17:09: 
🔒 HTTPS PeerJS Server (for HTTPS websites):
2025-08-11T15:17:09:    Port: 9443
2025-08-11T15:17:09:    Protocol: HTTPS
2025-08-11T15:17:09:    🔗 https://213.210.21.140:9443/peerjs
2025-08-11T15:17:09:    🔗 https://172.18.0.1:9443/peerjs
2025-08-11T15:17:09: 
🌐 Client Configuration:
2025-08-11T15:17:09: ════════════════════════════
2025-08-11T15:17:09: For HTTPS websites (https://cbt-new.drshieldapp.com):
2025-08-11T15:17:09:    ✅ Will use: https://213.210.21.140:9443/peerjs
2025-08-11T15:17:09: 
For HTTP websites:
2025-08-11T15:17:09:    ✅ Will use: http://213.210.21.140:9000/peerjs
2025-08-11T15:17:09: 
🔍 Health Check URLs:
2025-08-11T15:17:09: ═══════════════════════
2025-08-11T15:17:09: HTTP:  http://213.210.21.140:9000/peerjs
2025-08-11T15:17:09: HTTPS: https://213.210.21.140:9443/peerjs
2025-08-11T15:17:09: 🚀 Starting HTTP PeerJS Server...
2025-08-11T15:17:09: 🔒 SSL certificates found, starting HTTPS PeerJS Server...
2025-08-11T15:17:09: ✅ HTTPS PeerJS Server enabled
2025-08-11T15:17:09: 
📡 PeerJS Servers Status:
2025-08-11T15:17:09: ═══════════════════════════════
2025-08-11T15:17:09: 
📄 HTTP PeerJS Server (for backward compatibility):
2025-08-11T15:17:09:    Port: 9000
2025-08-11T15:17:09:    Protocol: HTTP
2025-08-11T15:17:09:    🔗 http://213.210.21.140:9000/peerjs
2025-08-11T15:17:09:    🔗 http://172.18.0.1:9000/peerjs
2025-08-11T15:17:09: 
🔒 HTTPS PeerJS Server (for HTTPS websites):
2025-08-11T15:17:09:    Port: 9443
2025-08-11T15:17:09:    Protocol: HTTPS
2025-08-11T15:17:09:    🔗 https://213.210.21.140:9443/peerjs
2025-08-11T15:17:09:    🔗 https://172.18.0.1:9443/peerjs
2025-08-11T15:17:09: 
🌐 Client Configuration:
2025-08-11T15:17:09: ════════════════════════════
2025-08-11T15:17:09: For HTTPS websites (https://cbt-new.drshieldapp.com):
2025-08-11T15:17:09:    ✅ Will use: https://213.210.21.140:9443/peerjs
2025-08-11T15:17:09: 
For HTTP websites:
2025-08-11T15:17:09:    ✅ Will use: http://213.210.21.140:9000/peerjs
2025-08-11T15:17:09: 
🔍 Health Check URLs:
2025-08-11T15:17:09: ═══════════════════════
2025-08-11T15:17:09: HTTP:  http://213.210.21.140:9000/peerjs
2025-08-11T15:17:09: HTTPS: https://213.210.21.140:9443/peerjs
2025-08-11T15:17:09: 🚀 Starting HTTP PeerJS Server...
2025-08-11T15:17:09: 🔒 SSL certificates found, starting HTTPS PeerJS Server...
2025-08-11T15:17:09: ✅ HTTPS PeerJS Server enabled
2025-08-11T15:17:09: 
📡 PeerJS Servers Status:
2025-08-11T15:17:09: ═══════════════════════════════
2025-08-11T15:17:09: 
📄 HTTP PeerJS Server (for backward compatibility):
2025-08-11T15:17:09:    Port: 9000
2025-08-11T15:17:09:    Protocol: HTTP
2025-08-11T15:17:09:    🔗 http://213.210.21.140:9000/peerjs
2025-08-11T15:17:09:    🔗 http://172.18.0.1:9000/peerjs
2025-08-11T15:17:09: 
🔒 HTTPS PeerJS Server (for HTTPS websites):
2025-08-11T15:17:09:    Port: 9443
2025-08-11T15:17:09:    Protocol: HTTPS
2025-08-11T15:17:09:    🔗 https://213.210.21.140:9443/peerjs
2025-08-11T15:17:09:    🔗 https://172.18.0.1:9443/peerjs
2025-08-11T15:17:09: 
🌐 Client Configuration:
2025-08-11T15:17:09: ════════════════════════════
2025-08-11T15:17:09: For HTTPS websites (https://cbt-new.drshieldapp.com):
2025-08-11T15:17:09:    ✅ Will use: https://213.210.21.140:9443/peerjs
2025-08-11T15:17:09: 
For HTTP websites:
2025-08-11T15:17:09:    ✅ Will use: http://213.210.21.140:9000/peerjs
2025-08-11T15:17:09: 
🔍 Health Check URLs:
2025-08-11T15:17:09: ═══════════════════════
2025-08-11T15:17:09: HTTP:  http://213.210.21.140:9000/peerjs
2025-08-11T15:17:09: HTTPS: https://213.210.21.140:9443/peerjs
2025-08-11T15:17:10: 🚀 Starting HTTP PeerJS Server...
2025-08-11T15:17:10: 🔒 SSL certificates found, starting HTTPS PeerJS Server...
2025-08-11T15:17:10: ✅ HTTPS PeerJS Server enabled
2025-08-11T15:17:10: 
📡 PeerJS Servers Status:
2025-08-11T15:17:10: ═══════════════════════════════
2025-08-11T15:17:10: 
📄 HTTP PeerJS Server (for backward compatibility):
2025-08-11T15:17:10:    Port: 9000
2025-08-11T15:17:10:    Protocol: HTTP
2025-08-11T15:17:10:    🔗 http://213.210.21.140:9000/peerjs
2025-08-11T15:17:10:    🔗 http://172.18.0.1:9000/peerjs
2025-08-11T15:17:10: 
🔒 HTTPS PeerJS Server (for HTTPS websites):
2025-08-11T15:17:10:    Port: 9443
2025-08-11T15:17:10:    Protocol: HTTPS
2025-08-11T15:17:10:    🔗 https://213.210.21.140:9443/peerjs
2025-08-11T15:17:10:    🔗 https://172.18.0.1:9443/peerjs
2025-08-11T15:17:10: 
🌐 Client Configuration:
2025-08-11T15:17:10: ════════════════════════════
2025-08-11T15:17:10: For HTTPS websites (https://cbt-new.drshieldapp.com):
2025-08-11T15:17:10:    ✅ Will use: https://213.210.21.140:9443/peerjs
2025-08-11T15:17:10: 
For HTTP websites:
2025-08-11T15:17:10:    ✅ Will use: http://213.210.21.140:9000/peerjs
2025-08-11T15:17:10: 
🔍 Health Check URLs:
2025-08-11T15:17:10: ═══════════════════════
2025-08-11T15:17:10: HTTP:  http://213.210.21.140:9000/peerjs
2025-08-11T15:17:10: HTTPS: https://213.210.21.140:9443/peerjs
2025-08-11T15:17:10: 🚀 Starting HTTP PeerJS Server...
2025-08-11T15:17:10: 🔒 SSL certificates found, starting HTTPS PeerJS Server...
2025-08-11T15:17:10: ✅ HTTPS PeerJS Server enabled
2025-08-11T15:17:10: 
📡 PeerJS Servers Status:
2025-08-11T15:17:10: ═══════════════════════════════
2025-08-11T15:17:10: 
📄 HTTP PeerJS Server (for backward compatibility):
2025-08-11T15:17:10:    Port: 9000
2025-08-11T15:17:10:    Protocol: HTTP
2025-08-11T15:17:10:    🔗 http://213.210.21.140:9000/peerjs
2025-08-11T15:17:10:    🔗 http://172.18.0.1:9000/peerjs
2025-08-11T15:17:10: 
🔒 HTTPS PeerJS Server (for HTTPS websites):
2025-08-11T15:17:10:    Port: 9443
2025-08-11T15:17:10:    Protocol: HTTPS
2025-08-11T15:17:10:    🔗 https://213.210.21.140:9443/peerjs
2025-08-11T15:17:10:    🔗 https://172.18.0.1:9443/peerjs
2025-08-11T15:17:10: 
🌐 Client Configuration:
2025-08-11T15:17:10: ════════════════════════════
2025-08-11T15:17:10: For HTTPS websites (https://cbt-new.drshieldapp.com):
2025-08-11T15:17:10:    ✅ Will use: https://213.210.21.140:9443/peerjs
2025-08-11T15:17:10: 
For HTTP websites:
2025-08-11T15:17:10:    ✅ Will use: http://213.210.21.140:9000/peerjs
2025-08-11T15:17:10: 
🔍 Health Check URLs:
2025-08-11T15:17:10: ═══════════════════════
2025-08-11T15:17:10: HTTP:  http://213.210.21.140:9000/peerjs
2025-08-11T15:17:10: HTTPS: https://213.210.21.140:9443/peerjs
2025-08-11T15:17:10: 🚀 Starting HTTP PeerJS Server...
2025-08-11T15:17:10: 🔒 SSL certificates found, starting HTTPS PeerJS Server...
2025-08-11T15:17:10: ✅ HTTPS PeerJS Server enabled
2025-08-11T15:17:10: 
📡 PeerJS Servers Status:
2025-08-11T15:17:10: ═══════════════════════════════
2025-08-11T15:17:10: 
📄 HTTP PeerJS Server (for backward compatibility):
2025-08-11T15:17:10:    Port: 9000
2025-08-11T15:17:10:    Protocol: HTTP
2025-08-11T15:17:10:    🔗 http://213.210.21.140:9000/peerjs
2025-08-11T15:17:10:    🔗 http://172.18.0.1:9000/peerjs
2025-08-11T15:17:10: 
🔒 HTTPS PeerJS Server (for HTTPS websites):
2025-08-11T15:17:10:    Port: 9443
2025-08-11T15:17:10:    Protocol: HTTPS
2025-08-11T15:17:10:    🔗 https://213.210.21.140:9443/peerjs
2025-08-11T15:17:10:    🔗 https://172.18.0.1:9443/peerjs
2025-08-11T15:17:10: 
🌐 Client Configuration:
2025-08-11T15:17:10: ════════════════════════════
2025-08-11T15:17:10: For HTTPS websites (https://cbt-new.drshieldapp.com):
2025-08-11T15:17:10:    ✅ Will use: https://213.210.21.140:9443/peerjs
2025-08-11T15:17:10: 
For HTTP websites:
2025-08-11T15:17:10:    ✅ Will use: http://213.210.21.140:9000/peerjs
2025-08-11T15:17:10: 
🔍 Health Check URLs:
2025-08-11T15:17:10: ═══════════════════════
2025-08-11T15:17:10: HTTP:  http://213.210.21.140:9000/peerjs
2025-08-11T15:17:10: HTTPS: https://213.210.21.140:9443/peerjs
2025-08-11T15:17:11: 🚀 Starting HTTP PeerJS Server...
2025-08-11T15:17:11: 🔒 SSL certificates found, starting HTTPS PeerJS Server...
2025-08-11T15:17:11: ✅ HTTPS PeerJS Server enabled
2025-08-11T15:17:11: 
📡 PeerJS Servers Status:
2025-08-11T15:17:11: ═══════════════════════════════
2025-08-11T15:17:11: 
📄 HTTP PeerJS Server (for backward compatibility):
2025-08-11T15:17:11:    Port: 9000
2025-08-11T15:17:11:    Protocol: HTTP
2025-08-11T15:17:11:    🔗 http://213.210.21.140:9000/peerjs
2025-08-11T15:17:11:    🔗 http://172.18.0.1:9000/peerjs
2025-08-11T15:17:11: 
🔒 HTTPS PeerJS Server (for HTTPS websites):
2025-08-11T15:17:11:    Port: 9443
2025-08-11T15:17:11:    Protocol: HTTPS
2025-08-11T15:17:11:    🔗 https://213.210.21.140:9443/peerjs
2025-08-11T15:17:11:    🔗 https://172.18.0.1:9443/peerjs
2025-08-11T15:17:11: 
🌐 Client Configuration:
2025-08-11T15:17:11: ════════════════════════════
2025-08-11T15:17:11: For HTTPS websites (https://cbt-new.drshieldapp.com):
2025-08-11T15:17:11:    ✅ Will use: https://213.210.21.140:9443/peerjs
2025-08-11T15:17:11: 
For HTTP websites:
2025-08-11T15:17:11:    ✅ Will use: http://213.210.21.140:9000/peerjs
2025-08-11T15:17:11: 
🔍 Health Check URLs:
2025-08-11T15:17:11: ═══════════════════════
2025-08-11T15:17:11: HTTP:  http://213.210.21.140:9000/peerjs
2025-08-11T15:17:11: HTTPS: https://213.210.21.140:9443/peerjs
2025-08-11T15:17:11: 🚀 Starting HTTP PeerJS Server...
2025-08-11T15:17:11: 🔒 SSL certificates found, starting HTTPS PeerJS Server...
2025-08-11T15:17:11: ✅ HTTPS PeerJS Server enabled
2025-08-11T15:17:11: 
📡 PeerJS Servers Status:
2025-08-11T15:17:11: ═══════════════════════════════
2025-08-11T15:17:11: 
📄 HTTP PeerJS Server (for backward compatibility):
2025-08-11T15:17:11:    Port: 9000
2025-08-11T15:17:11:    Protocol: HTTP
2025-08-11T15:17:11:    🔗 http://213.210.21.140:9000/peerjs
2025-08-11T15:17:11:    🔗 http://172.18.0.1:9000/peerjs
2025-08-11T15:17:11: 
🔒 HTTPS PeerJS Server (for HTTPS websites):
2025-08-11T15:17:11:    Port: 9443
2025-08-11T15:17:11:    Protocol: HTTPS
2025-08-11T15:17:11:    🔗 https://213.210.21.140:9443/peerjs
2025-08-11T15:17:11:    🔗 https://172.18.0.1:9443/peerjs
2025-08-11T15:17:11: 
🌐 Client Configuration:
2025-08-11T15:17:11: ════════════════════════════
2025-08-11T15:17:11: For HTTPS websites (https://cbt-new.drshieldapp.com):
2025-08-11T15:17:11:    ✅ Will use: https://213.210.21.140:9443/peerjs
2025-08-11T15:17:11: 
For HTTP websites:
2025-08-11T15:17:11:    ✅ Will use: http://213.210.21.140:9000/peerjs
2025-08-11T15:17:11: 
🔍 Health Check URLs:
2025-08-11T15:17:11: ═══════════════════════
2025-08-11T15:17:11: HTTP:  http://213.210.21.140:9000/peerjs
2025-08-11T15:17:11: HTTPS: https://213.210.21.140:9443/peerjs
2025-08-11T15:17:11: 🚀 Starting HTTP PeerJS Server...
2025-08-11T15:17:11: 🔒 SSL certificates found, starting HTTPS PeerJS Server...
2025-08-11T15:17:11: ✅ HTTPS PeerJS Server enabled
2025-08-11T15:17:11: 
📡 PeerJS Servers Status:
2025-08-11T15:17:11: ═══════════════════════════════
2025-08-11T15:17:11: 
📄 HTTP PeerJS Server (for backward compatibility):
2025-08-11T15:17:11:    Port: 9000
2025-08-11T15:17:11:    Protocol: HTTP
2025-08-11T15:17:11:    🔗 http://213.210.21.140:9000/peerjs
2025-08-11T15:17:11:    🔗 http://172.18.0.1:9000/peerjs
2025-08-11T15:17:11: 
🔒 HTTPS PeerJS Server (for HTTPS websites):
2025-08-11T15:17:11:    Port: 9443
2025-08-11T15:17:11:    Protocol: HTTPS
2025-08-11T15:17:11:    🔗 https://213.210.21.140:9443/peerjs
2025-08-11T15:17:11:    🔗 https://172.18.0.1:9443/peerjs
2025-08-11T15:17:11: 
🌐 Client Configuration:
2025-08-11T15:17:11: ════════════════════════════
2025-08-11T15:17:11: For HTTPS websites (https://cbt-new.drshieldapp.com):
2025-08-11T15:17:11:    ✅ Will use: https://213.210.21.140:9443/peerjs
2025-08-11T15:17:11: 
For HTTP websites:
2025-08-11T15:17:11:    ✅ Will use: http://213.210.21.140:9000/peerjs
2025-08-11T15:17:11: 
🔍 Health Check URLs:
2025-08-11T15:17:11: ═══════════════════════
2025-08-11T15:17:11: HTTP:  http://213.210.21.140:9000/peerjs
2025-08-11T15:17:11: HTTPS: https://213.210.21.140:9443/peerjs
2025-08-11T15:17:12: 🚀 Starting HTTP PeerJS Server...
2025-08-11T15:17:12: 🔒 SSL certificates found, starting HTTPS PeerJS Server...
2025-08-11T15:17:12: ✅ HTTPS PeerJS Server enabled
2025-08-11T15:17:12: 
📡 PeerJS Servers Status:
2025-08-11T15:17:12: ═══════════════════════════════
2025-08-11T15:17:12: 
📄 HTTP PeerJS Server (for backward compatibility):
2025-08-11T15:17:12:    Port: 9000
2025-08-11T15:17:12:    Protocol: HTTP
2025-08-11T15:17:12:    🔗 http://213.210.21.140:9000/peerjs
2025-08-11T15:17:12:    🔗 http://172.18.0.1:9000/peerjs
2025-08-11T15:17:12: 
🔒 HTTPS PeerJS Server (for HTTPS websites):
2025-08-11T15:17:12:    Port: 9443
2025-08-11T15:17:12:    Protocol: HTTPS
2025-08-11T15:17:12:    🔗 https://213.210.21.140:9443/peerjs
2025-08-11T15:17:12:    🔗 https://172.18.0.1:9443/peerjs
2025-08-11T15:17:12: 
🌐 Client Configuration:
2025-08-11T15:17:12: ════════════════════════════
2025-08-11T15:17:12: For HTTPS websites (https://cbt-new.drshieldapp.com):
2025-08-11T15:17:12:    ✅ Will use: https://213.210.21.140:9443/peerjs
2025-08-11T15:17:12: 
For HTTP websites:
2025-08-11T15:17:12:    ✅ Will use: http://213.210.21.140:9000/peerjs
2025-08-11T15:17:12: 
🔍 Health Check URLs:
2025-08-11T15:17:12: ═══════════════════════
2025-08-11T15:17:12: HTTP:  http://213.210.21.140:9000/peerjs
2025-08-11T15:17:12: HTTPS: https://213.210.21.140:9443/peerjs
2025-08-11T15:17:12: 🚀 Starting HTTP PeerJS Server...
2025-08-11T15:17:12: 🔒 SSL certificates found, starting HTTPS PeerJS Server...
2025-08-11T15:17:12: ✅ HTTPS PeerJS Server enabled
2025-08-11T15:17:12: 
📡 PeerJS Servers Status:
2025-08-11T15:17:12: ═══════════════════════════════
2025-08-11T15:17:12: 
📄 HTTP PeerJS Server (for backward compatibility):
2025-08-11T15:17:12:    Port: 9000
2025-08-11T15:17:12:    Protocol: HTTP
2025-08-11T15:17:12:    🔗 http://213.210.21.140:9000/peerjs
2025-08-11T15:17:12:    🔗 http://172.18.0.1:9000/peerjs
2025-08-11T15:17:12: 
🔒 HTTPS PeerJS Server (for HTTPS websites):
2025-08-11T15:17:12:    Port: 9443
2025-08-11T15:17:12:    Protocol: HTTPS
2025-08-11T15:17:12:    🔗 https://213.210.21.140:9443/peerjs
2025-08-11T15:17:12:    🔗 https://172.18.0.1:9443/peerjs
2025-08-11T15:17:12: 
🌐 Client Configuration:
2025-08-11T15:17:12: ════════════════════════════
2025-08-11T15:17:12: For HTTPS websites (https://cbt-new.drshieldapp.com):
2025-08-11T15:17:12:    ✅ Will use: https://213.210.21.140:9443/peerjs
2025-08-11T15:17:12: 
For HTTP websites:
2025-08-11T15:17:12:    ✅ Will use: http://213.210.21.140:9000/peerjs
2025-08-11T15:17:12: 
🔍 Health Check URLs:
2025-08-11T15:17:12: ═══════════════════════
2025-08-11T15:17:12: HTTP:  http://213.210.21.140:9000/peerjs
2025-08-11T15:17:12: HTTPS: https://213.210.21.140:9443/peerjs
2025-08-11T15:17:12: 🚀 Starting HTTP PeerJS Server...
2025-08-11T15:17:12: 🔒 SSL certificates found, starting HTTPS PeerJS Server...
2025-08-11T15:17:12: ✅ HTTPS PeerJS Server enabled
2025-08-11T15:17:12: 
📡 PeerJS Servers Status:
2025-08-11T15:17:12: ═══════════════════════════════
2025-08-11T15:17:12: 
📄 HTTP PeerJS Server (for backward compatibility):
2025-08-11T15:17:12:    Port: 9000
2025-08-11T15:17:12:    Protocol: HTTP
2025-08-11T15:17:12:    🔗 http://213.210.21.140:9000/peerjs
2025-08-11T15:17:12:    🔗 http://172.18.0.1:9000/peerjs
2025-08-11T15:17:12: 
🔒 HTTPS PeerJS Server (for HTTPS websites):
2025-08-11T15:17:12:    Port: 9443
2025-08-11T15:17:12:    Protocol: HTTPS
2025-08-11T15:17:12:    🔗 https://213.210.21.140:9443/peerjs
2025-08-11T15:17:12:    🔗 https://172.18.0.1:9443/peerjs
2025-08-11T15:17:12: 
🌐 Client Configuration:
2025-08-11T15:17:12: ════════════════════════════
2025-08-11T15:17:12: For HTTPS websites (https://cbt-new.drshieldapp.com):
2025-08-11T15:17:12:    ✅ Will use: https://213.210.21.140:9443/peerjs
2025-08-11T15:17:12: 
For HTTP websites:
2025-08-11T15:17:12:    ✅ Will use: http://213.210.21.140:9000/peerjs
2025-08-11T15:17:12: 
🔍 Health Check URLs:
2025-08-11T15:17:12: ═══════════════════════
2025-08-11T15:17:12: HTTP:  http://213.210.21.140:9000/peerjs
2025-08-11T15:17:12: HTTPS: https://213.210.21.140:9443/peerjs
2025-08-11T15:17:13: 🚀 Starting HTTP PeerJS Server...
2025-08-11T15:17:13: 🔒 SSL certificates found, starting HTTPS PeerJS Server...
2025-08-11T15:17:13: ✅ HTTPS PeerJS Server enabled
2025-08-11T15:17:13: 
📡 PeerJS Servers Status:
2025-08-11T15:17:13: ═══════════════════════════════
2025-08-11T15:17:13: 
📄 HTTP PeerJS Server (for backward compatibility):
2025-08-11T15:17:13:    Port: 9000
2025-08-11T15:17:13:    Protocol: HTTP
2025-08-11T15:17:13:    🔗 http://213.210.21.140:9000/peerjs
2025-08-11T15:17:13:    🔗 http://172.18.0.1:9000/peerjs
2025-08-11T15:17:13: 
🔒 HTTPS PeerJS Server (for HTTPS websites):
2025-08-11T15:17:13:    Port: 9443
2025-08-11T15:17:13:    Protocol: HTTPS
2025-08-11T15:17:13:    🔗 https://213.210.21.140:9443/peerjs
2025-08-11T15:17:13:    🔗 https://172.18.0.1:9443/peerjs
2025-08-11T15:17:13: 
🌐 Client Configuration:
2025-08-11T15:17:13: ════════════════════════════
2025-08-11T15:17:13: For HTTPS websites (https://cbt-new.drshieldapp.com):
2025-08-11T15:17:13:    ✅ Will use: https://213.210.21.140:9443/peerjs
2025-08-11T15:17:13: 
For HTTP websites:
2025-08-11T15:17:13:    ✅ Will use: http://213.210.21.140:9000/peerjs
2025-08-11T15:17:13: 
🔍 Health Check URLs:
2025-08-11T15:17:13: ═══════════════════════
2025-08-11T15:17:13: HTTP:  http://213.210.21.140:9000/peerjs
2025-08-11T15:17:13: HTTPS: https://213.210.21.140:9443/peerjs
2025-08-11T15:17:13: 🚀 Starting HTTP PeerJS Server...
2025-08-11T15:17:13: 🔒 SSL certificates found, starting HTTPS PeerJS Server...
2025-08-11T15:17:13: ✅ HTTPS PeerJS Server enabled
2025-08-11T15:17:13: 
📡 PeerJS Servers Status:
2025-08-11T15:17:13: ═══════════════════════════════
2025-08-11T15:17:13: 
📄 HTTP PeerJS Server (for backward compatibility):
2025-08-11T15:17:13:    Port: 9000
2025-08-11T15:17:13:    Protocol: HTTP
2025-08-11T15:17:13:    🔗 http://213.210.21.140:9000/peerjs
2025-08-11T15:17:13:    🔗 http://172.18.0.1:9000/peerjs
2025-08-11T15:17:13: 
🔒 HTTPS PeerJS Server (for HTTPS websites):
2025-08-11T15:17:13:    Port: 9443
2025-08-11T15:17:13:    Protocol: HTTPS
2025-08-11T15:17:13:    🔗 https://213.210.21.140:9443/peerjs
2025-08-11T15:17:13:    🔗 https://172.18.0.1:9443/peerjs
2025-08-11T15:17:13: 
🌐 Client Configuration:
2025-08-11T15:17:13: ════════════════════════════
2025-08-11T15:17:13: For HTTPS websites (https://cbt-new.drshieldapp.com):
2025-08-11T15:17:13:    ✅ Will use: https://213.210.21.140:9443/peerjs
2025-08-11T15:17:13: 
For HTTP websites:
2025-08-11T15:17:13:    ✅ Will use: http://213.210.21.140:9000/peerjs
2025-08-11T15:17:13: 
🔍 Health Check URLs:
2025-08-11T15:17:13: ═══════════════════════
2025-08-11T15:17:13: HTTP:  http://213.210.21.140:9000/peerjs
2025-08-11T15:17:13: HTTPS: https://213.210.21.140:9443/peerjs
2025-08-11T15:17:13: 🚀 Starting HTTP PeerJS Server...
2025-08-11T15:17:13: 🔒 SSL certificates found, starting HTTPS PeerJS Server...
2025-08-11T15:17:13: ✅ HTTPS PeerJS Server enabled
2025-08-11T15:17:13: 
📡 PeerJS Servers Status:
2025-08-11T15:17:13: ═══════════════════════════════
2025-08-11T15:17:13: 
📄 HTTP PeerJS Server (for backward compatibility):
2025-08-11T15:17:13:    Port: 9000
2025-08-11T15:17:13:    Protocol: HTTP
2025-08-11T15:17:13:    🔗 http://213.210.21.140:9000/peerjs
2025-08-11T15:17:13:    🔗 http://172.18.0.1:9000/peerjs
2025-08-11T15:17:13: 
🔒 HTTPS PeerJS Server (for HTTPS websites):
2025-08-11T15:17:13:    Port: 9443
2025-08-11T15:17:13:    Protocol: HTTPS
2025-08-11T15:17:13:    🔗 https://213.210.21.140:9443/peerjs
2025-08-11T15:17:13:    🔗 https://172.18.0.1:9443/peerjs
2025-08-11T15:17:13: 
🌐 Client Configuration:
2025-08-11T15:17:13: ════════════════════════════
2025-08-11T15:17:13: For HTTPS websites (https://cbt-new.drshieldapp.com):
2025-08-11T15:17:13:    ✅ Will use: https://213.210.21.140:9443/peerjs
2025-08-11T15:17:13: 
For HTTP websites:
2025-08-11T15:17:13:    ✅ Will use: http://213.210.21.140:9000/peerjs
2025-08-11T15:17:13: 
🔍 Health Check URLs:
2025-08-11T15:17:13: ═══════════════════════
2025-08-11T15:17:13: HTTP:  http://213.210.21.140:9000/peerjs
2025-08-11T15:17:13: HTTPS: https://213.210.21.140:9443/peerjs
2025-08-11T15:19:10: 🚀 Starting HTTP PeerJS Server...
2025-08-11T15:19:10: 🔒 SSL certificates found, starting HTTPS PeerJS Server...
2025-08-11T15:19:10: ✅ HTTPS PeerJS Server enabled
2025-08-11T15:19:10: 
📡 PeerJS Servers Status:
2025-08-11T15:19:10: ═══════════════════════════════
2025-08-11T15:19:10: 
📄 HTTP PeerJS Server (for backward compatibility):
2025-08-11T15:19:10:    Port: 9000
2025-08-11T15:19:10:    Protocol: HTTP
2025-08-11T15:19:10:    🔗 http://213.210.21.140:9000/peerjs
2025-08-11T15:19:10:    🔗 http://172.18.0.1:9000/peerjs
2025-08-11T15:19:10: 
🔒 HTTPS PeerJS Server (for HTTPS websites):
2025-08-11T15:19:10:    Port: 9443
2025-08-11T15:19:10:    Protocol: HTTPS
2025-08-11T15:19:10:    🔗 https://213.210.21.140:9443/peerjs
2025-08-11T15:19:10:    🔗 https://172.18.0.1:9443/peerjs
2025-08-11T15:19:10: 
🌐 Client Configuration:
2025-08-11T15:19:10: ════════════════════════════
2025-08-11T15:19:10: For HTTPS websites (https://cbt-new.drshieldapp.com):
2025-08-11T15:19:10:    ✅ Will use: https://213.210.21.140:9443/peerjs
2025-08-11T15:19:10: 
For HTTP websites:
2025-08-11T15:19:10:    ✅ Will use: http://213.210.21.140:9000/peerjs
2025-08-11T15:19:10: 
🔍 Health Check URLs:
2025-08-11T15:19:10: ═══════════════════════
2025-08-11T15:19:10: HTTP:  http://213.210.21.140:9000/peerjs
2025-08-11T15:19:10: HTTPS: https://213.210.21.140:9443/peerjs
2025-08-11T15:19:11: 
🎉 PeerJS Servers Ready!
2025-08-11T15:19:11: ═══════════════════════════
2025-08-11T15:19:11: ✅ Both HTTP and HTTPS servers running
2025-08-11T15:19:11: ✅ HTTPS websites can now connect
2025-08-11T15:19:11: 
Press Ctrl+C to stop servers
2025-08-11T16:31:28: 🟢 HTTP Client connected: 6babcc33-d31a-45d9-b9cc-0fc0d7467ac7
2025-08-11T16:31:45: 🔴 HTTP Client disconnected: 6babcc33-d31a-45d9-b9cc-0fc0d7467ac7
2025-08-11T16:31:57: 🟢 HTTP Client connected: 54c09c8e-c86f-4181-8e12-c17e66c5764f
2025-08-11T16:32:16: 🔴 HTTP Client disconnected: 54c09c8e-c86f-4181-8e12-c17e66c5764f
2025-08-11T16:32:24: 🟢 HTTP Client connected: d6524801-376f-44fc-a91d-f8f27be30dff
2025-08-11T16:32:46: 🟢 HTTP Client connected: b1037edf-0322-43d1-9403-fcf02a38a931
2025-08-11T16:32:57: 🔴 HTTP Client disconnected: b1037edf-0322-43d1-9403-fcf02a38a931
2025-08-11T16:32:58: 🟢 HTTP Client connected: bdcfc905-e7a8-4142-a4d9-92fd2bb5d6e6
2025-08-11T16:33:18: 🔴 HTTP Client disconnected: bdcfc905-e7a8-4142-a4d9-92fd2bb5d6e6
2025-08-11T16:33:21: 🟢 HTTP Client connected: 23423340-e8d4-410b-9b04-c50c8db148bb
2025-08-11T16:33:22: 🔴 HTTP Client disconnected: 23423340-e8d4-410b-9b04-c50c8db148bb
2025-08-11T16:33:32: 🟢 HTTP Client connected: 1c64f112-5f6d-4fda-a2ef-d55d7478c882
2025-08-11T16:34:10: 🔴 HTTP Client disconnected: 1c64f112-5f6d-4fda-a2ef-d55d7478c882
2025-08-11T16:34:12: 🟢 HTTP Client connected: c7f71b62-08d8-451c-a65b-0f87309f923c
2025-08-11T16:34:29: 🔴 HTTP Client disconnected: c7f71b62-08d8-451c-a65b-0f87309f923c
2025-08-11T16:36:08: 🟢 HTTP Client connected: a25455b3-b70e-478e-a9ee-bd03b7af02a2
2025-08-11T16:36:41: 🟢 HTTP Client connected: f611d840-517e-4150-9777-dc12e89a7162
2025-08-11T16:38:05: 🔴 HTTP Client disconnected: f611d840-517e-4150-9777-dc12e89a7162
2025-08-11T16:38:23: 🟢 HTTP Client connected: fee063c7-21da-4e9e-93eb-b953edbc133b
2025-08-11T16:38:33: 🔴 HTTP Client disconnected: fee063c7-21da-4e9e-93eb-b953edbc133b
2025-08-11T16:38:45: 🟢 HTTP Client connected: 10e5443f-7cb1-4aef-b8d6-58bd9606277b
2025-08-11T16:39:04: 🔴 HTTP Client disconnected: 10e5443f-7cb1-4aef-b8d6-58bd9606277b
2025-08-11T16:39:05: 🟢 HTTP Client connected: 555ced1b-5c7c-45af-ba68-c0d4c0a9bb6d
2025-08-11T16:40:11: 🔴 HTTP Client disconnected: 555ced1b-5c7c-45af-ba68-c0d4c0a9bb6d
2025-08-11T16:40:12: 🟢 HTTP Client connected: ee0975bf-69b7-4266-a783-545cd62414a5
2025-08-11T16:41:12: 🔴 HTTP Client disconnected: a25455b3-b70e-478e-a9ee-bd03b7af02a2
2025-08-11T16:41:15: 🟢 HTTP Client connected: a0cdd563-e34e-4cdc-bbca-8ec5ca16ed3a
2025-08-11T16:41:18: 🔴 HTTP Client disconnected: d6524801-376f-44fc-a91d-f8f27be30dff
2025-08-11T16:41:34: 🔴 HTTP Client disconnected: ee0975bf-69b7-4266-a783-545cd62414a5
2025-08-11T16:41:35: 🟢 HTTP Client connected: 1ae30383-a0f2-4b1d-bf95-86a25c2b057f
2025-08-11T16:41:36: 🔴 HTTP Client disconnected: a0cdd563-e34e-4cdc-bbca-8ec5ca16ed3a
2025-08-11T16:41:38: 🟢 HTTP Client connected: 6fd33522-dad8-4e6d-995a-fe8f7b604e80
2025-08-11T16:41:53: 🔴 HTTP Client disconnected: 1ae30383-a0f2-4b1d-bf95-86a25c2b057f
2025-08-11T16:41:54: 🟢 HTTP Client connected: 42b50949-5046-48a8-bf1c-ac232b5b5d31
2025-08-11T16:41:55: 🔴 HTTP Client disconnected: 6fd33522-dad8-4e6d-995a-fe8f7b604e80
2025-08-11T16:41:57: 🟢 HTTP Client connected: 55f1ff11-df95-4704-9043-6eca32397ec6
2025-08-11T16:42:04: 🔴 HTTP Client disconnected: 55f1ff11-df95-4704-9043-6eca32397ec6
2025-08-11T16:42:22: 🔴 HTTP Client disconnected: 42b50949-5046-48a8-bf1c-ac232b5b5d31
2025-08-11T16:42:23: 🟢 HTTP Client connected: 353b64a1-d31d-45bc-970f-4f59a7365305
2025-08-11T16:42:24: 🔴 HTTP Client disconnected: 353b64a1-d31d-45bc-970f-4f59a7365305
2025-08-11T17:06:23: 🟢 HTTP Client connected: 1e65dce8-659a-4922-910b-a33755f5600c
2025-08-11T17:06:50: 🔴 HTTP Client disconnected: 1e65dce8-659a-4922-910b-a33755f5600c
2025-08-11T17:06:51: 🟢 HTTP Client connected: 07ad220d-97d4-4697-8e03-8573b9de1ebb
2025-08-11T17:08:11: 🔴 HTTP Client disconnected: 07ad220d-97d4-4697-8e03-8573b9de1ebb
2025-08-11T17:08:13: 🟢 HTTP Client connected: 6576f404-8627-4762-8aaa-5ae962927744
2025-08-11T17:09:39: 🔴 HTTP Client disconnected: 6576f404-8627-4762-8aaa-5ae962927744
2025-08-11T17:09:41: 🟢 HTTP Client connected: 20096665-1ddc-4fbc-b9ff-7d5f0f6c444d
2025-08-11T17:10:13: 🟢 HTTP Client connected: 517353a4-f5a1-438a-bc9a-5c6aa40b2b27
2025-08-11T17:10:22: 🔴 HTTP Client disconnected: 517353a4-f5a1-438a-bc9a-5c6aa40b2b27
2025-08-11T17:10:23: 🟢 HTTP Client connected: 5d4cf599-eef5-4e2c-97f1-313b84bd6036
2025-08-11T17:10:32: 🔴 HTTP Client disconnected: 20096665-1ddc-4fbc-b9ff-7d5f0f6c444d
2025-08-11T17:10:36: 🔴 HTTP Client disconnected: 5d4cf599-eef5-4e2c-97f1-313b84bd6036
2025-08-11T17:28:47: 🟢 HTTP Client connected: 94b3adbd-0f2f-41bf-81cf-df7838e2cce2
2025-08-11T17:31:58: 🔴 HTTP Client disconnected: 94b3adbd-0f2f-41bf-81cf-df7838e2cce2
2025-08-11T17:42:00: 🟢 HTTP Client connected: 8c727883-cd80-49ac-8714-ec7cf7c55b72
2025-08-11T17:42:00: 🟢 HTTP Client connected: c3180267-3c0d-4a06-8b53-4b0c9fac89f8
2025-08-11T17:43:53: 🟢 HTTP Client connected: 2a84623b-a3ad-4d73-b3a5-05fda5b58a2b
2025-08-11T17:43:59: 🟢 HTTP Client connected: cadddebb-da8b-4c5a-b084-32037c7b15d2
2025-08-11T17:44:01: 🔴 HTTP Client disconnected: cadddebb-da8b-4c5a-b084-32037c7b15d2
2025-08-11T17:44:10: 🔴 HTTP Client disconnected: 2a84623b-a3ad-4d73-b3a5-05fda5b58a2b
2025-08-11T17:48:38: 🟢 HTTP Client connected: 5741938f-f5cb-4f51-b37f-04f1eb8676de
2025-08-11T17:48:52: 🔴 HTTP Client disconnected: 8c727883-cd80-49ac-8714-ec7cf7c55b72
2025-08-11T17:48:53: 🟢 HTTP Client connected: bc3443b1-9c33-4a77-918d-ec73d6b95e63
2025-08-11T17:48:53: 🟢 HTTP Client connected: 8def37a4-a1f4-4728-b6c7-0d8a316890a6
2025-08-11T17:49:14: 🟢 HTTP Client connected: 1e30c0e9-101b-4b35-ab66-63c8f987af43
2025-08-11T17:50:14: 🔴 HTTP Client disconnected: 5741938f-f5cb-4f51-b37f-04f1eb8676de
2025-08-11T17:50:20: 🟢 HTTP Client connected: c3672ab2-a013-45a4-8954-a0cb130029e5
2025-08-11T17:50:47: 🔴 HTTP Client disconnected: c3672ab2-a013-45a4-8954-a0cb130029e5
2025-08-11T17:50:57: 🔴 HTTP Client disconnected: c3180267-3c0d-4a06-8b53-4b0c9fac89f8
2025-08-11T17:51:10: 🔴 HTTP Client disconnected: 8def37a4-a1f4-4728-b6c7-0d8a316890a6
2025-08-11T17:51:34: 🔴 HTTP Client disconnected: bc3443b1-9c33-4a77-918d-ec73d6b95e63
2025-08-11T17:55:48: 🔴 HTTP Client disconnected: 1e30c0e9-101b-4b35-ab66-63c8f987af43
2025-09-11T16:34:28: 🚀 Starting HTTP PeerJS Server...
2025-09-11T16:34:28: 🔒 SSL certificates found, starting HTTPS PeerJS Server...
2025-09-11T16:34:28: ✅ HTTPS PeerJS Server enabled
2025-09-11T16:34:28: 
📡 PeerJS Servers Status:
2025-09-11T16:34:28: ═══════════════════════════════
2025-09-11T16:34:28: 
📄 HTTP PeerJS Server (for backward compatibility):
2025-09-11T16:34:28:    Port: 9000
2025-09-11T16:34:28:    Protocol: HTTP
2025-09-11T16:34:28:    🔗 http://213.210.21.140:9000/peerjs
2025-09-11T16:34:28: 
🔒 HTTPS PeerJS Server (for HTTPS websites):
2025-09-11T16:34:28:    Port: 9443
2025-09-11T16:34:28:    Protocol: HTTPS
2025-09-11T16:34:28:    🔗 https://213.210.21.140:9443/peerjs
2025-09-11T16:34:28: 
🌐 Client Configuration:
2025-09-11T16:34:28: ════════════════════════════
2025-09-11T16:34:28: For HTTPS websites (https://cbt-new.drshieldapp.com):
2025-09-11T16:34:28:    ✅ Will use: https://213.210.21.140:9443/peerjs
2025-09-11T16:34:28: 
For HTTP websites:
2025-09-11T16:34:28:    ✅ Will use: http://213.210.21.140:9000/peerjs
2025-09-11T16:34:28: 
🔍 Health Check URLs:
2025-09-11T16:34:28: ═══════════════════════
2025-09-11T16:34:28: HTTP:  http://213.210.21.140:9000/peerjs
2025-09-11T16:34:28: HTTPS: https://213.210.21.140:9443/peerjs
2025-09-11T16:34:29: 
🎉 PeerJS Servers Ready!
2025-09-11T16:34:29: ═══════════════════════════
2025-09-11T16:34:29: ✅ Both HTTP and HTTPS servers running
2025-09-11T16:34:29: ✅ HTTPS websites can now connect
2025-09-11T16:34:29: 
Press Ctrl+C to stop servers
2025-09-11T16:38:49: 🚀 Starting HTTP PeerJS Server...
2025-09-11T16:38:49: 🔒 SSL certificates found, starting HTTPS PeerJS Server...
2025-09-11T16:38:49: ✅ HTTPS PeerJS Server enabled
2025-09-11T16:38:49: 
📡 PeerJS Servers Status:
2025-09-11T16:38:49: ═══════════════════════════════
2025-09-11T16:38:49: 
📄 HTTP PeerJS Server (for backward compatibility):
2025-09-11T16:38:49:    Port: 9000
2025-09-11T16:38:49:    Protocol: HTTP
2025-09-11T16:38:49:    🔗 http://213.210.21.140:9000/peerjs
2025-09-11T16:38:49: 
🔒 HTTPS PeerJS Server (for HTTPS websites):
2025-09-11T16:38:49:    Port: 9443
2025-09-11T16:38:49:    Protocol: HTTPS
2025-09-11T16:38:49:    🔗 https://213.210.21.140:9443/peerjs
2025-09-11T16:38:49: 
🌐 Client Configuration:
2025-09-11T16:38:49: ════════════════════════════
2025-09-11T16:38:49: For HTTPS websites (https://cbt-new.drshieldapp.com):
2025-09-11T16:38:49:    ✅ Will use: https://213.210.21.140:9443/peerjs
2025-09-11T16:38:49: 
For HTTP websites:
2025-09-11T16:38:49:    ✅ Will use: http://213.210.21.140:9000/peerjs
2025-09-11T16:38:49: 
🔍 Health Check URLs:
2025-09-11T16:38:49: ═══════════════════════
2025-09-11T16:38:49: HTTP:  http://213.210.21.140:9000/peerjs
2025-09-11T16:38:49: HTTPS: https://213.210.21.140:9443/peerjs
2025-09-11T16:38:50: 
🎉 PeerJS Servers Ready!
2025-09-11T16:38:50: ═══════════════════════════
2025-09-11T16:38:50: ✅ Both HTTP and HTTPS servers running
2025-09-11T16:38:50: ✅ HTTPS websites can now connect
2025-09-11T16:38:50: 
Press Ctrl+C to stop servers
2025-09-11T19:52:33: 🟢 HTTP Client connected: 084b6439-362c-4af9-b303-7b6dd9b2eeb8
2025-09-11T19:59:45: 🔴 HTTP Client disconnected: 084b6439-362c-4af9-b303-7b6dd9b2eeb8
2025-09-11T20:15:11: 🟢 HTTP Client connected: b5691ecc-861d-46b0-9cb4-2be4511657b4
2025-09-11T20:41:23: 🔴 HTTP Client disconnected: b5691ecc-861d-46b0-9cb4-2be4511657b4
2025-09-11T21:16:53: 🟢 HTTP Client connected: 1fe9c2d0-0e05-418c-9e96-cb6560569e6c
2025-09-11T21:25:05: 🔴 HTTP Client disconnected: 1fe9c2d0-0e05-418c-9e96-cb6560569e6c
2025-09-11T21:25:13: 🟢 HTTP Client connected: 3286bdf6-199e-4f1b-851b-a047d6610f50
2025-09-11T21:32:35: 🔴 HTTP Client disconnected: 3286bdf6-199e-4f1b-851b-a047d6610f50
2025-09-11T21:32:41: 🟢 HTTP Client connected: f3950230-688f-448a-8b53-07a1bb7d9733
2025-09-11T21:32:56: 🔴 HTTP Client disconnected: f3950230-688f-448a-8b53-07a1bb7d9733
2025-09-12T05:18:02: 🟢 HTTP Client connected: bc3a8843-fba1-41ef-b2fc-a4af9978ddbe
2025-09-12T05:18:48: 🔴 HTTP Client disconnected: bc3a8843-fba1-41ef-b2fc-a4af9978ddbe
2025-09-12T05:18:54: 🟢 HTTP Client connected: b36379ef-62aa-4a16-aa7b-e797f45b3365
2025-09-12T05:19:12: 🔴 HTTP Client disconnected: b36379ef-62aa-4a16-aa7b-e797f45b3365
2025-09-12T05:30:40: 🟢 HTTP Client connected: d1eb9bf2-6dc9-4f5d-a68b-8a9ca51e70ba
2025-09-12T05:31:29: 🔴 HTTP Client disconnected: d1eb9bf2-6dc9-4f5d-a68b-8a9ca51e70ba
2025-09-12T05:33:41: 🟢 HTTP Client connected: 3168ff96-abb1-41af-b55a-bffd307156cf
2025-09-12T05:34:19: 🔴 HTTP Client disconnected: 3168ff96-abb1-41af-b55a-bffd307156cf
2025-09-12T05:43:30: 🟢 HTTP Client connected: 3e176f7c-ce0b-4c0e-88f7-06f3ba659fa6
2025-09-12T05:46:17: 🔴 HTTP Client disconnected: 3e176f7c-ce0b-4c0e-88f7-06f3ba659fa6
2025-09-12T05:46:22: 🟢 HTTP Client connected: 0d9068b0-6c1e-41c7-8980-6f30b13ae612
2025-09-12T05:48:45: 🔴 HTTP Client disconnected: 0d9068b0-6c1e-41c7-8980-6f30b13ae612
2025-09-12T05:48:49: 🟢 HTTP Client connected: 23c6628a-2042-41ff-af5e-e234a8ad0a1c
2025-09-12T05:50:51: 🔴 HTTP Client disconnected: 23c6628a-2042-41ff-af5e-e234a8ad0a1c
2025-09-12T05:50:55: 🟢 HTTP Client connected: a49b801c-e3a9-4fcb-a1d0-1957131aa072
2025-09-12T05:53:46: 🔴 HTTP Client disconnected: a49b801c-e3a9-4fcb-a1d0-1957131aa072
2025-09-12T05:53:49: 🟢 HTTP Client connected: d8fb4795-0392-41ea-ad44-a908c85c7356
2025-09-12T05:54:45: 🔴 HTTP Client disconnected: d8fb4795-0392-41ea-ad44-a908c85c7356
2025-09-12T05:57:18: 🟢 HTTP Client connected: 632ae12c-ca13-4eb7-90a2-05b6a8fb72e8
2025-09-12T05:57:45: 🔴 HTTP Client disconnected: 632ae12c-ca13-4eb7-90a2-05b6a8fb72e8
2025-09-12T06:33:23: 🟢 HTTP Client connected: 0419552c-cd5f-4587-8141-e009e907a9ae
2025-09-12T06:37:23: 🔴 HTTP Client disconnected: 0419552c-cd5f-4587-8141-e009e907a9ae
2025-09-12T06:40:41: 🟢 HTTP Client connected: 7c11d525-be99-49e8-82ae-080094337a33
2025-09-12T06:40:51: 🔴 HTTP Client disconnected: 7c11d525-be99-49e8-82ae-080094337a33
2025-09-12T06:48:02: 🟢 HTTP Client connected: 4d9b5daf-99a2-4a79-b9b6-385a933b7a9c
2025-09-12T06:48:51: 🔴 HTTP Client disconnected: 4d9b5daf-99a2-4a79-b9b6-385a933b7a9c
2025-09-12T09:03:46: 🟢 HTTP Client connected: 3c294c8d-7d66-46d9-8e92-5cf4c3e34066
2025-09-12T09:04:42: 🔴 HTTP Client disconnected: 3c294c8d-7d66-46d9-8e92-5cf4c3e34066
2025-09-12T09:10:41: 🟢 HTTP Client connected: 8385f181-53cc-44c9-9faa-1af66618c85e
2025-09-12T09:11:52: 🔴 HTTP Client disconnected: 8385f181-53cc-44c9-9faa-1af66618c85e
2025-09-12T09:11:54: 🟢 HTTP Client connected: acccf75f-fa03-42f9-84b7-c13280dcc198
2025-09-12T09:12:28: 🔴 HTTP Client disconnected: acccf75f-fa03-42f9-84b7-c13280dcc198
2025-09-12T09:12:29: 🟢 HTTP Client connected: 8a37fcf1-8147-40a6-adbf-32f6fd3acbaf
2025-09-12T09:13:52: 🔴 HTTP Client disconnected: 8a37fcf1-8147-40a6-adbf-32f6fd3acbaf
2025-09-12T09:17:39: 🟢 HTTP Client connected: c86a11a1-9cdf-4644-b913-47344f646fac
2025-09-12T09:18:31: 🔴 HTTP Client disconnected: c86a11a1-9cdf-4644-b913-47344f646fac
2025-09-12T09:18:33: 🟢 HTTP Client connected: e12a9336-4e52-43dd-9be3-1e2a41fe9894
2025-09-12T09:18:55: 🔴 HTTP Client disconnected: e12a9336-4e52-43dd-9be3-1e2a41fe9894
2025-09-12T09:23:26: 🟢 HTTP Client connected: 7b03393c-2d19-41d0-835f-5e0b7cc30988
2025-09-12T09:26:15: 🔴 HTTP Client disconnected: 7b03393c-2d19-41d0-835f-5e0b7cc30988
2025-09-12T09:27:16: 🟢 HTTP Client connected: 49a15947-bc3a-4381-a045-a4956dd8044c
2025-09-12T09:28:46: 🔴 HTTP Client disconnected: 49a15947-bc3a-4381-a045-a4956dd8044c
2025-09-12T09:42:16: 🟢 HTTP Client connected: 18520370-f9d4-498b-8096-8b77e0d94fb4
2025-09-12T09:44:52: 🔴 HTTP Client disconnected: 18520370-f9d4-498b-8096-8b77e0d94fb4
2025-09-12T09:53:57: 🟢 HTTP Client connected: d2014877-2258-46cc-a857-897bcd0072dc
2025-09-12T09:55:01: 🔴 HTTP Client disconnected: d2014877-2258-46cc-a857-897bcd0072dc
2025-09-12T10:10:57: 🟢 HTTP Client connected: eb171727-2b9a-4f83-a3f0-c9fdf17435d8
2025-09-12T10:12:08: 🔴 HTTP Client disconnected: eb171727-2b9a-4f83-a3f0-c9fdf17435d8
2025-09-12T10:17:51: 🟢 HTTP Client connected: b19cdaf9-cf6e-4de4-b7be-7700088642a7
2025-09-12T10:35:58: 🔴 HTTP Client disconnected: b19cdaf9-cf6e-4de4-b7be-7700088642a7
2025-09-12T10:46:57: 🟢 HTTP Client connected: 55d7cb32-b5c4-4b93-8f39-3a2c8d180edf
2025-09-12T10:48:33: 🔴 HTTP Client disconnected: 55d7cb32-b5c4-4b93-8f39-3a2c8d180edf
2025-09-12T10:55:05: 🟢 HTTP Client connected: 80029969-bb98-4f61-b223-88c70cd9129d
2025-09-12T10:58:08: 🔴 HTTP Client disconnected: 80029969-bb98-4f61-b223-88c70cd9129d
2025-09-12T11:04:28: 🟢 HTTP Client connected: 68800248-5015-44d4-94cd-f63999bd7f57
2025-09-12T11:08:08: 🔴 HTTP Client disconnected: 68800248-5015-44d4-94cd-f63999bd7f57
2025-09-12T12:51:32: 🟢 HTTP Client connected: 5581d74b-de57-4bc0-8671-30380c8a9cd5
2025-09-12T12:51:49: 🔴 HTTP Client disconnected: 5581d74b-de57-4bc0-8671-30380c8a9cd5
2025-09-12T12:51:58: 🟢 HTTP Client connected: 7b72ab82-9748-420b-83f6-fb41c3a56669
2025-09-12T12:51:58: 🔴 HTTP Client disconnected: 7b72ab82-9748-420b-83f6-fb41c3a56669
2025-09-12T13:25:21: 🟢 HTTP Client connected: 7e181aae-cb01-4d3c-995c-40610614cd96
2025-09-12T13:28:42: 🔴 HTTP Client disconnected: 7e181aae-cb01-4d3c-995c-40610614cd96
2025-09-12T13:58:44: 🟢 HTTP Client connected: 3b0ee1d8-0507-4ef6-983e-a5401d440d0a
2025-09-12T14:02:45: 🔴 HTTP Client disconnected: 3b0ee1d8-0507-4ef6-983e-a5401d440d0a
2025-09-12T15:05:12: 🟢 HTTP Client connected: 826fdd13-2ea7-4316-9cf1-ebef59ace01c
2025-09-12T15:12:10: 🔴 HTTP Client disconnected: 826fdd13-2ea7-4316-9cf1-ebef59ace01c
2025-09-12T16:13:22: 🟢 HTTP Client connected: 1fd0fe3f-7a98-42e6-9892-edd0e9862297
2025-09-12T16:20:42: 🔴 HTTP Client disconnected: 1fd0fe3f-7a98-42e6-9892-edd0e9862297
2025-09-13T20:09:47: 🟢 HTTP Client connected: a1f88edc-57a3-49f4-b9df-fad224930da6
2025-09-13T20:16:17: 🔴 HTTP Client disconnected: a1f88edc-57a3-49f4-b9df-fad224930da6
2025-09-13T20:17:14: 🟢 HTTP Client connected: 49da5c1c-4380-4641-87eb-ea2e86c5555b
2025-09-13T20:18:03: 🟢 HTTP Client connected: f1253183-9fe4-407f-8092-2faeebe22c1f
2025-09-13T20:18:24: 🔴 HTTP Client disconnected: f1253183-9fe4-407f-8092-2faeebe22c1f
2025-09-13T20:18:26: 🟢 HTTP Client connected: 081e5074-0b0f-49b9-9091-70eeb90f1ec8
2025-09-13T20:25:18: 🔴 HTTP Client disconnected: 081e5074-0b0f-49b9-9091-70eeb90f1ec8
2025-09-13T20:28:40: 🔴 HTTP Client disconnected: 49da5c1c-4380-4641-87eb-ea2e86c5555b
2025-09-13T20:50:54: 🟢 HTTP Client connected: 3a11f6e6-5db0-4dc8-95df-f0a73e741f9c
2025-09-13T20:51:00: 🟢 HTTP Client connected: 12e4fbb9-8c3f-4044-9ffc-01a2d6ef3593
2025-09-13T20:56:59: 🔴 HTTP Client disconnected: 12e4fbb9-8c3f-4044-9ffc-01a2d6ef3593
2025-09-13T20:58:19: 🔴 HTTP Client disconnected: 3a11f6e6-5db0-4dc8-95df-f0a73e741f9c
